04, 14, 2021 (12:38:17): Opening rpy file C:\Program Files (x86)\IBM\Rational\Rhapsody Modeler\7.5\Share\Properties\PredefinedTypes.sbs
04, 14, 2021 (12:38:17): 
 Started loading C:\Program Files (x86)\IBM\Rational\Rhapsody Modeler\7.5\Share\Properties\PredefinedTypes.sbs on Wednesday, April 14, 2021 (12:38:17).-

04, 14, 2021 (12:38:17): 

Starting inUnit resolution phase


04, 14, 2021 (12:38:17): 

Finished inUnit resolution phase


04, 14, 2021 (12:38:17): 
 Finished loading C:\Program Files (x86)\IBM\Rational\Rhapsody Modeler\7.5\Share\Properties\PredefinedTypes.sbs on Wednesday, April 14, 2021 (12:38:17).-

04, 14, 2021 (12:38:17): Opening rpy file C:\Program Files (x86)\IBM\Rational\Rhapsody Modeler\7.5\Share\Properties\PredefinedTypesC++.sbs
04, 14, 2021 (12:38:17): 
 Started loading C:\Program Files (x86)\IBM\Rational\Rhapsody Modeler\7.5\Share\Properties\PredefinedTypesC++.sbs on Wednesday, April 14, 2021 (12:38:17).-

04, 14, 2021 (12:38:17): 

Starting inUnit resolution phase


04, 14, 2021 (12:38:17): 

Finished inUnit resolution phase


04, 14, 2021 (12:38:17): 
 Finished loading C:\Program Files (x86)\IBM\Rational\Rhapsody Modeler\7.5\Share\Properties\PredefinedTypesC++.sbs on Wednesday, April 14, 2021 (12:38:17).-

04, 14, 2021 (12:38:18): Opening rpy file C:\Users\kenne\Documents\CSC 834\Team Project\From Kenny\TeamProject\TeamProject.rpy
04, 14, 2021 (12:38:18): 
 Started loading C:\Users\kenne\Documents\CSC 834\Team Project\From Kenny\TeamProject\TeamProject.rpy on Wednesday, April 14, 2021 (12:38:18).-

04, 14, 2021 (12:38:18): Opening rpy file C:\Users\kenne\Documents\CSC 834\Team Project\From Kenny\TeamProject\TeamProject_rpy\Default.sbs
04, 14, 2021 (12:38:18): 
 Started loading C:\Users\kenne\Documents\CSC 834\Team Project\From Kenny\TeamProject\TeamProject_rpy\Default.sbs on Wednesday, April 14, 2021 (12:38:18).-

04, 14, 2021 (12:38:18): 

Starting inUnit resolution phase


04, 14, 2021 (12:38:18): 

Finished inUnit resolution phase


04, 14, 2021 (12:38:18): 
 Finished loading C:\Users\kenne\Documents\CSC 834\Team Project\From Kenny\TeamProject\TeamProject_rpy\Default.sbs on Wednesday, April 14, 2021 (12:38:18).-

04, 14, 2021 (12:38:18): Opening rpy file C:\Users\kenne\Documents\CSC 834\Team Project\From Kenny\TeamProject\TeamProject_rpy\DefaultComponent.cmp
04, 14, 2021 (12:38:18): 
 Started loading C:\Users\kenne\Documents\CSC 834\Team Project\From Kenny\TeamProject\TeamProject_rpy\DefaultComponent.cmp on Wednesday, April 14, 2021 (12:38:18).-

04, 14, 2021 (12:38:18): 

Starting inUnit resolution phase


04, 14, 2021 (12:38:18): 

Finished inUnit resolution phase


04, 14, 2021 (12:38:18): 
 Finished loading C:\Users\kenne\Documents\CSC 834\Team Project\From Kenny\TeamProject\TeamProject_rpy\DefaultComponent.cmp on Wednesday, April 14, 2021 (12:38:18).-

04, 14, 2021 (12:38:18): 

Starting inUnit resolution phase


04, 14, 2021 (12:38:18): 

Finished inUnit resolution phase


04, 14, 2021 (12:38:18): 

Starting inUnit resolution phase


04, 14, 2021 (12:38:18): 

Finished inUnit resolution phase


04, 14, 2021 (12:38:18): 

Starting inUnit resolution phase


04, 14, 2021 (12:38:18): 

Finished inUnit resolution phase


04, 14, 2021 (12:38:18): 
 Finished loading C:\Users\kenne\Documents\CSC 834\Team Project\From Kenny\TeamProject\TeamProject.rpy on Wednesday, April 14, 2021 (12:38:18).-

04, 14, 2021 (12:38:18): Starting checks of EventsBaseID conflicts
04, 14, 2021 (12:38:18): Finished checks of EventsBaseID conflicts
04, 14, 2021 (12:38:18): End Log
