04, 12, 2021 (21:00:19): Starting Pre-Save actions

04, 12, 2021 (21:00:19): Starting Dialogs Check/Save
04, 12, 2021 (21:00:19): Finished Dialogs Check/Save
04, 12, 2021 (21:00:19): Starting Controlled Files Resolution
04, 12, 2021 (21:00:19): Finished Controlled Files Resolution
04, 12, 2021 (21:00:19): Finished Pre-Save actions

04, 12, 2021 (21:00:19): Creating C:\Users\kenne\Documents\CSC 834\Team Project\From Kenny\TeamProject\TeamProject.rpy
04, 12, 2021 (21:00:19): 
Started writing C:\Users\kenne\Documents\CSC 834\Team Project\From Kenny\TeamProject\TeamProject.rpy on Monday, April 12, 2021 (21:00:19)

04, 12, 2021 (21:00:19): version 8.5.2
04, 12, 2021 (21:00:19): 
Started writing C:\Users\kenne\Documents\CSC 834\Team Project\From Kenny\TeamProject\TeamProject_rpy\filesTable.dat on Monday, April 12, 2021 (21:00:19)

04, 12, 2021 (21:00:19): Finished writing C:\Users\kenne\Documents\CSC 834\Team Project\From Kenny\TeamProject\TeamProject_rpy\filesTable.dat on Monday, April 12, 2021 (21:00:19)

04, 12, 2021 (21:00:19): Creating C:\Users\kenne\Documents\CSC 834\Team Project\From Kenny\TeamProject\TeamProject_rpy\Default.sbs
04, 12, 2021 (21:00:19): 
Started writing C:\Users\kenne\Documents\CSC 834\Team Project\From Kenny\TeamProject\TeamProject_rpy\Default.sbs on Monday, April 12, 2021 (21:00:19)

04, 12, 2021 (21:00:19): version 8.5.2
04, 12, 2021 (21:00:19): Finished writing C:\Users\kenne\Documents\CSC 834\Team Project\From Kenny\TeamProject\TeamProject_rpy\Default.sbs on Monday, April 12, 2021 (21:00:19)

04, 12, 2021 (21:00:19): Creating C:\Users\kenne\Documents\CSC 834\Team Project\From Kenny\TeamProject\TeamProject_rpy\DefaultComponent.cmp
04, 12, 2021 (21:00:19): 
Started writing C:\Users\kenne\Documents\CSC 834\Team Project\From Kenny\TeamProject\TeamProject_rpy\DefaultComponent.cmp on Monday, April 12, 2021 (21:00:19)

04, 12, 2021 (21:00:19): version 8.5.2
04, 12, 2021 (21:00:19): Finished writing C:\Users\kenne\Documents\CSC 834\Team Project\From Kenny\TeamProject\TeamProject_rpy\DefaultComponent.cmp on Monday, April 12, 2021 (21:00:19)

04, 12, 2021 (21:00:19): Finished writing C:\Users\kenne\Documents\CSC 834\Team Project\From Kenny\TeamProject\TeamProject.rpy on Monday, April 12, 2021 (21:00:19)

04, 12, 2021 (21:00:19): End Log
