04, 12, 2021 (19:28:43): Opening rpy file C:\Program Files (x86)\IBM\Rational\Rhapsody Modeler\7.5\Share\Properties\PredefinedTypes.sbs
04, 12, 2021 (19:28:43): 
 Started loading C:\Program Files (x86)\IBM\Rational\Rhapsody Modeler\7.5\Share\Properties\PredefinedTypes.sbs on Monday, April 12, 2021 (19:28:43).-

04, 12, 2021 (19:28:43): 

Starting inUnit resolution phase


04, 12, 2021 (19:28:43): 

Finished inUnit resolution phase


04, 12, 2021 (19:28:43): 
 Finished loading C:\Program Files (x86)\IBM\Rational\Rhapsody Modeler\7.5\Share\Properties\PredefinedTypes.sbs on Monday, April 12, 2021 (19:28:43).-

04, 12, 2021 (19:28:43): Opening rpy file C:\Program Files (x86)\IBM\Rational\Rhapsody Modeler\7.5\Share\Properties\PredefinedTypesC++.sbs
04, 12, 2021 (19:28:43): 
 Started loading C:\Program Files (x86)\IBM\Rational\Rhapsody Modeler\7.5\Share\Properties\PredefinedTypesC++.sbs on Monday, April 12, 2021 (19:28:43).-

04, 12, 2021 (19:28:43): 

Starting inUnit resolution phase


04, 12, 2021 (19:28:43): 

Finished inUnit resolution phase


04, 12, 2021 (19:28:43): 
 Finished loading C:\Program Files (x86)\IBM\Rational\Rhapsody Modeler\7.5\Share\Properties\PredefinedTypesC++.sbs on Monday, April 12, 2021 (19:28:43).-

04, 12, 2021 (19:28:43): Opening rpy file C:\Users\kenne\Documents\CSC 834\Week 3\IndividualProject\IndividualProject.rpy
04, 12, 2021 (19:28:43): 
 Started loading C:\Users\kenne\Documents\CSC 834\Week 3\IndividualProject\IndividualProject.rpy on Monday, April 12, 2021 (19:28:43).-

04, 12, 2021 (19:28:43): Opening rpy file C:\Users\kenne\Documents\CSC 834\Week 3\IndividualProject\IndividualProject_rpy\Default.sbs
04, 12, 2021 (19:28:43): 
 Started loading C:\Users\kenne\Documents\CSC 834\Week 3\IndividualProject\IndividualProject_rpy\Default.sbs on Monday, April 12, 2021 (19:28:43).-

04, 12, 2021 (19:28:43): 

Starting inUnit resolution phase


04, 12, 2021 (19:28:43): 

Finished inUnit resolution phase


04, 12, 2021 (19:28:43): 
 Finished loading C:\Users\kenne\Documents\CSC 834\Week 3\IndividualProject\IndividualProject_rpy\Default.sbs on Monday, April 12, 2021 (19:28:43).-

04, 12, 2021 (19:28:43): Opening rpy file C:\Users\kenne\Documents\CSC 834\Week 3\IndividualProject\IndividualProject_rpy\DefaultComponent.cmp
04, 12, 2021 (19:28:43): 
 Started loading C:\Users\kenne\Documents\CSC 834\Week 3\IndividualProject\IndividualProject_rpy\DefaultComponent.cmp on Monday, April 12, 2021 (19:28:43).-

04, 12, 2021 (19:28:43): 

Starting inUnit resolution phase


04, 12, 2021 (19:28:43): 

Finished inUnit resolution phase


04, 12, 2021 (19:28:43): 
 Finished loading C:\Users\kenne\Documents\CSC 834\Week 3\IndividualProject\IndividualProject_rpy\DefaultComponent.cmp on Monday, April 12, 2021 (19:28:43).-

04, 12, 2021 (19:28:43): 

Starting inUnit resolution phase


04, 12, 2021 (19:28:43): 

Finished inUnit resolution phase


04, 12, 2021 (19:28:43): 

Starting inUnit resolution phase


04, 12, 2021 (19:28:43): 

Finished inUnit resolution phase


04, 12, 2021 (19:28:43): 

Starting inUnit resolution phase


04, 12, 2021 (19:28:43): 

Finished inUnit resolution phase


04, 12, 2021 (19:28:43): 
 Finished loading C:\Users\kenne\Documents\CSC 834\Week 3\IndividualProject\IndividualProject.rpy on Monday, April 12, 2021 (19:28:43).-

04, 12, 2021 (19:28:43): Starting checks of EventsBaseID conflicts
04, 12, 2021 (19:28:43): Finished checks of EventsBaseID conflicts
04, 12, 2021 (19:28:43): End Log
