04, 05, 2021 (20:40:20): Starting Pre-Save actions

04, 05, 2021 (20:40:20): Starting Dialogs Check/Save
04, 05, 2021 (20:40:20): Finished Dialogs Check/Save
04, 05, 2021 (20:40:20): Starting Controlled Files Resolution
04, 05, 2021 (20:40:20): Finished Controlled Files Resolution
04, 05, 2021 (20:40:20): Finished Pre-Save actions

04, 05, 2021 (20:40:20): Creating C:\Users\kenne\Documents\CSC 834\Week 3\IndividualProject\IndividualProject.rpy
04, 05, 2021 (20:40:20): 
Started writing C:\Users\kenne\Documents\CSC 834\Week 3\IndividualProject\IndividualProject.rpy on Monday, April 05, 2021 (20:40:20)

04, 05, 2021 (20:40:20): version 8.5.2
04, 05, 2021 (20:40:20): 
Started writing C:\Users\kenne\Documents\CSC 834\Week 3\IndividualProject\IndividualProject_rpy\filesTable.dat on Monday, April 05, 2021 (20:40:20)

04, 05, 2021 (20:40:20): Finished writing C:\Users\kenne\Documents\CSC 834\Week 3\IndividualProject\IndividualProject_rpy\filesTable.dat on Monday, April 05, 2021 (20:40:20)

04, 05, 2021 (20:40:20): Creating C:\Users\kenne\Documents\CSC 834\Week 3\IndividualProject\IndividualProject_rpy\Default.sbs
04, 05, 2021 (20:40:20): 
Started writing C:\Users\kenne\Documents\CSC 834\Week 3\IndividualProject\IndividualProject_rpy\Default.sbs on Monday, April 05, 2021 (20:40:20)

04, 05, 2021 (20:40:20): version 8.5.2
04, 05, 2021 (20:40:20): Finished writing C:\Users\kenne\Documents\CSC 834\Week 3\IndividualProject\IndividualProject_rpy\Default.sbs on Monday, April 05, 2021 (20:40:20)

04, 05, 2021 (20:40:20): Finished writing C:\Users\kenne\Documents\CSC 834\Week 3\IndividualProject\IndividualProject.rpy on Monday, April 05, 2021 (20:40:20)

04, 05, 2021 (20:40:20): End Log
