04, 12, 2021 (15:18:42): Opening rpy file C:\Program Files (x86)\IBM\Rational\Rhapsody Modeler\7.5\Share\Properties\PredefinedTypes.sbs
04, 12, 2021 (15:18:42): 
 Started loading C:\Program Files (x86)\IBM\Rational\Rhapsody Modeler\7.5\Share\Properties\PredefinedTypes.sbs on Monday, April 12, 2021 (15:18:42).-

04, 12, 2021 (15:18:42): 

Starting inUnit resolution phase


04, 12, 2021 (15:18:42): 

Finished inUnit resolution phase


04, 12, 2021 (15:18:42): 
 Finished loading C:\Program Files (x86)\IBM\Rational\Rhapsody Modeler\7.5\Share\Properties\PredefinedTypes.sbs on Monday, April 12, 2021 (15:18:42).-

04, 12, 2021 (15:18:42): Opening rpy file C:\Program Files (x86)\IBM\Rational\Rhapsody Modeler\7.5\Share\Properties\PredefinedTypesC++.sbs
04, 12, 2021 (15:18:42): 
 Started loading C:\Program Files (x86)\IBM\Rational\Rhapsody Modeler\7.5\Share\Properties\PredefinedTypesC++.sbs on Monday, April 12, 2021 (15:18:42).-

04, 12, 2021 (15:18:42): 

Starting inUnit resolution phase


04, 12, 2021 (15:18:42): 

Finished inUnit resolution phase


04, 12, 2021 (15:18:42): 
 Finished loading C:\Program Files (x86)\IBM\Rational\Rhapsody Modeler\7.5\Share\Properties\PredefinedTypesC++.sbs on Monday, April 12, 2021 (15:18:42).-

04, 12, 2021 (15:18:42): Opening rpy file C:\Users\kenne\Documents\CSC 834\Team Project\From Charles\calendarrevised.rpy
04, 12, 2021 (15:18:42): 
 Started loading C:\Users\kenne\Documents\CSC 834\Team Project\From Charles\calendarrevised.rpy on Monday, April 12, 2021 (15:18:42).-

04, 12, 2021 (15:18:50): 
 Finished loading  on Monday, April 12, 2021 (15:18:50).-

04, 12, 2021 (15:18:50): 
 Finished loading  on Monday, April 12, 2021 (15:18:50).-

04, 12, 2021 (15:18:50): 

Starting inUnit resolution phase


04, 12, 2021 (15:18:50): 

Finished inUnit resolution phase


04, 12, 2021 (15:18:50): 

Starting inUnit resolution phase


04, 12, 2021 (15:18:50): 

Finished inUnit resolution phase


04, 12, 2021 (15:18:50): 

Starting inUnit resolution phase


04, 12, 2021 (15:18:50): 

Finished inUnit resolution phase


04, 12, 2021 (15:18:50): 
 Finished loading C:\Users\kenne\Documents\CSC 834\Team Project\From Charles\calendarrevised.rpy on Monday, April 12, 2021 (15:18:50).-

04, 12, 2021 (15:18:50): Starting checks of EventsBaseID conflicts
04, 12, 2021 (15:18:50): Finished checks of EventsBaseID conflicts
04, 12, 2021 (15:18:50): End Log
