04, 12, 2021 (15:18:50): UR named: User, of type IClass, and ID: fc573900-7e7d-4534-9b37-9f4364945dd0 was created. Owned by the Default Package.
04, 12, 2021 (15:18:50): UR named: userID, of type IAttribute, and ID: a985e23e-c528-435b-b574-9cf26fb7e8f8 was created. Owned by the User Class.
04, 12, 2021 (15:18:50): UR named: name, of type IAttribute, and ID: 984c9735-5767-43a0-a8a7-694c9d14b48e was created. Owned by the User Class.
04, 12, 2021 (15:18:50): UR named: address, of type IAttribute, and ID: 8d117df5-ce95-4d24-b5f6-6b07bb106a27 was created. Owned by the User Class.
04, 12, 2021 (15:18:50): UR named: userType, of type IAttribute, and ID: 71667154-49b9-4f6d-ad09-df1bd5ae2053 was created. Owned by the User Class.
04, 12, 2021 (15:18:50): UR named: getDetails(), of type IPrimitiveOperation, and ID: 616a7e20-ba88-4bfd-bf66-2333a7731aaa was created. Owned by the User Class.
04, 12, 2021 (15:18:50): UR named: setDetails(int,char*,char*), of type IPrimitiveOperation, and ID: 09da1b47-75cd-4edd-bf5f-8cd1d4ff366d was created. Owned by the User Class.
04, 12, 2021 (15:18:50): UR named: Manager, of type IClass, and ID: fb6f2476-5fba-4f83-a33b-484d4b126022 was created. Owned by the Default Package.
04, 12, 2021 (15:18:50): UR named: managerID, of type IAttribute, and ID: fc89ccce-285f-4041-ab16-9bf31e89ce16 was created. Owned by the Manager Class.
04, 12, 2021 (15:18:50): UR named: serviceType, of type IAttribute, and ID: c024387e-6961-4f4e-9611-decc692701ba was created. Owned by the Manager Class.
04, 12, 2021 (15:18:50): UR named: cancelMeeting(char*), of type IPrimitiveOperation, and ID: 26c39514-7e0b-499b-ac1e-71c51a6a6fec was created. Owned by the Manager Class.
04, 12, 2021 (15:18:50): UR named: requestCancellation(), of type IPrimitiveOperation, and ID: 784930ce-a91a-4621-baab-f55d65ec114e was created. Owned by the Manager Class.
04, 12, 2021 (15:18:50): UR named: confirmCancellation(char*), of type IPrimitiveOperation, and ID: df3c53cc-2cdc-4624-b760-ec6a6840e040 was created. Owned by the Manager Class.
04, 12, 2021 (15:18:50): UR named: requestExit(), of type IPrimitiveOperation, and ID: 77145e18-f501-447e-958e-09d7cbbbaa16 was created. Owned by the Manager Class.
04, 12, 2021 (15:18:50): UR named: setUserType(char*), of type IPrimitiveOperation, and ID: 92f8ad97-429e-41d2-ab27-31b1b5b2afe0 was created. Owned by the Manager Class.
04, 12, 2021 (15:18:50): UR named: calendar, of type IClass, and ID: 91967e95-108d-4087-af33-264c39ccdbe3 was created. Owned by the Default Package.
04, 12, 2021 (15:18:50): UR named: calendarID, of type IAttribute, and ID: 5369cbcb-cb42-477d-9604-f21a88116571 was created. Owned by the calendar Class.
04, 12, 2021 (15:18:50): UR named: userAssociatedID, of type IAttribute, and ID: 402a3ed0-b11f-4221-882f-d25c044c1e98 was created. Owned by the calendar Class.
04, 12, 2021 (15:18:50): UR named: eventsName, of type IAttribute, and ID: b5211e7c-1d7a-4819-81d1-ee5763e92476 was created. Owned by the calendar Class.
04, 12, 2021 (15:18:50): UR named: displayPlacedEvents(char*), of type IPrimitiveOperation, and ID: e51faac2-1fd7-4f0c-a0e2-fdd70a7f5cf3 was created. Owned by the calendar Class.
04, 12, 2021 (15:18:50): UR named: displayAllPlacedEvents(), of type IPrimitiveOperation, and ID: fd212136-d6b3-4043-abb0-93d7db08d327 was created. Owned by the calendar Class.
04, 12, 2021 (15:18:50): UR named: saveEvent(char*), of type IPrimitiveOperation, and ID: 8f674a54-ffc2-4b26-86a3-611e107b643d was created. Owned by the calendar Class.
04, 12, 2021 (15:18:50): UR named: searchEvent(char*,char*), of type IPrimitiveOperation, and ID: 0fe1d6d2-3d3d-49ed-8ee5-f8b10c818f8e was created. Owned by the calendar Class.
04, 12, 2021 (15:18:50): UR named: displaySelectedEvents(char*), of type IPrimitiveOperation, and ID: f654200d-2a2a-4330-ac05-1aa409ef0d79 was created. Owned by the calendar Class.
04, 12, 2021 (15:18:50): UR named: displayMenuChoices(), of type IPrimitiveOperation, and ID: c256d727-fa23-4c3b-9160-6789578117c7 was created. Owned by the calendar Class.
04, 12, 2021 (15:18:50): UR named: exitEvent(char*), of type IPrimitiveOperation, and ID: 88446887-de05-4645-aaad-554f2ce0607e was created. Owned by the calendar Class.
04, 12, 2021 (15:18:50): UR named: checkUserType(), of type IPrimitiveOperation, and ID: f28b2615-55ba-412a-ae07-0882e7aa4134 was created. Owned by the calendar Class.
04, 12, 2021 (15:18:50): UR named: displayDeletionWarning(), of type IPrimitiveOperation, and ID: d2e6d998-3671-4890-8a37-c420e11b5c60 was created. Owned by the calendar Class.
04, 12, 2021 (15:18:50): UR named: displayMeetingList(int), of type IPrimitiveOperation, and ID: 23d69d42-4235-45c9-bab3-60cb69606e4a was created. Owned by the calendar Class.
04, 12, 2021 (15:18:50): UR named: deleteMeetingEvent(char*,char*), of type IPrimitiveOperation, and ID: a2809733-78a0-4909-a03b-4b78d62eb430 was created. Owned by the calendar Class.
04, 12, 2021 (15:18:50): UR named: displayMainCalender(), of type IPrimitiveOperation, and ID: 98390c79-1d80-4233-abb1-74e373b444fe was created. Owned by the calendar Class.
04, 12, 2021 (15:18:50): UR named: User, of type IGeneralization, and ID: ca402516-edef-4064-b3f6-e53094fa405d was created. Owned by the Manager Class.
04, 12, 2021 (15:18:50): UR named: itsCalendar, of type IAssociationEnd, and ID: 70d80e81-d89f-426a-ac81-326d837bb449 was created. Owned by the Manager Class.
04, 12, 2021 (15:18:50): UR named: itsManager, of type IAssociationEnd, and ID: 4336e45b-ca10-4ac2-93aa-82231a4b66f4 was created. Owned by the calendar Class.
04, 12, 2021 (15:18:50): UR named: itsUser, of type IAssociationEnd, and ID: e7caac99-7501-455a-88e3-059275bd91a9 was created. Owned by the calendar Class.
04, 12, 2021 (15:18:50): UR named: itsCalendar, of type IAssociationEnd, and ID: 9a6c130e-e56d-49ed-b962-0d8187f19773 was created. Owned by the User Class.
