04, 18, 2021 (16:49:11): Opening rpy file C:\Program Files (x86)\IBM\Rational\Rhapsody Modeler\7.5\Share\Properties\PredefinedTypes.sbs
04, 18, 2021 (16:49:11): 
 Started loading C:\Program Files (x86)\IBM\Rational\Rhapsody Modeler\7.5\Share\Properties\PredefinedTypes.sbs on Sunday, April 18, 2021 (16:49:11).-

04, 18, 2021 (16:49:11): 

Starting inUnit resolution phase


04, 18, 2021 (16:49:11): 

Finished inUnit resolution phase


04, 18, 2021 (16:49:11): 
 Finished loading C:\Program Files (x86)\IBM\Rational\Rhapsody Modeler\7.5\Share\Properties\PredefinedTypes.sbs on Sunday, April 18, 2021 (16:49:11).-

04, 18, 2021 (16:49:11): Opening rpy file C:\Program Files (x86)\IBM\Rational\Rhapsody Modeler\7.5\Share\Properties\PredefinedTypesC++.sbs
04, 18, 2021 (16:49:11): 
 Started loading C:\Program Files (x86)\IBM\Rational\Rhapsody Modeler\7.5\Share\Properties\PredefinedTypesC++.sbs on Sunday, April 18, 2021 (16:49:11).-

04, 18, 2021 (16:49:11): 

Starting inUnit resolution phase


04, 18, 2021 (16:49:11): 

Finished inUnit resolution phase


04, 18, 2021 (16:49:11): 
 Finished loading C:\Program Files (x86)\IBM\Rational\Rhapsody Modeler\7.5\Share\Properties\PredefinedTypesC++.sbs on Sunday, April 18, 2021 (16:49:11).-

04, 18, 2021 (16:49:11): Opening rpy file C:\Users\kenne\Documents\CSC 834\Team Project\From Charles\calendar\calendarrevised.rpy
04, 18, 2021 (16:49:11): 
 Started loading C:\Users\kenne\Documents\CSC 834\Team Project\From Charles\calendar\calendarrevised.rpy on Sunday, April 18, 2021 (16:49:11).-

04, 18, 2021 (16:49:11): Opening rpy file C:\Users\kenne\Documents\CSC 834\Team Project\From Charles\calendar\calendarrevised_rpy\Default.sbs
04, 18, 2021 (16:49:11): 
 Started loading C:\Users\kenne\Documents\CSC 834\Team Project\From Charles\calendar\calendarrevised_rpy\Default.sbs on Sunday, April 18, 2021 (16:49:11).-

04, 18, 2021 (16:49:11): 

Starting inUnit resolution phase


04, 18, 2021 (16:49:11): 

Finished inUnit resolution phase


04, 18, 2021 (16:49:11): 
 Finished loading C:\Users\kenne\Documents\CSC 834\Team Project\From Charles\calendar\calendarrevised_rpy\Default.sbs on Sunday, April 18, 2021 (16:49:11).-

04, 18, 2021 (16:49:11): Opening rpy file C:\Users\kenne\Documents\CSC 834\Team Project\From Charles\calendar\calendarrevised_rpy\DefaultComponent.cmp
04, 18, 2021 (16:49:11): 
 Started loading C:\Users\kenne\Documents\CSC 834\Team Project\From Charles\calendar\calendarrevised_rpy\DefaultComponent.cmp on Sunday, April 18, 2021 (16:49:11).-

04, 18, 2021 (16:49:11): 

Starting inUnit resolution phase


04, 18, 2021 (16:49:11): 

Finished inUnit resolution phase


04, 18, 2021 (16:49:11): 
 Finished loading C:\Users\kenne\Documents\CSC 834\Team Project\From Charles\calendar\calendarrevised_rpy\DefaultComponent.cmp on Sunday, April 18, 2021 (16:49:11).-

04, 18, 2021 (16:49:11): 

Starting inUnit resolution phase


04, 18, 2021 (16:49:11): 

Finished inUnit resolution phase


04, 18, 2021 (16:49:11): 

Starting inUnit resolution phase


04, 18, 2021 (16:49:11): 

Finished inUnit resolution phase


04, 18, 2021 (16:49:11): 

Starting inUnit resolution phase


04, 18, 2021 (16:49:11): 

Finished inUnit resolution phase


04, 18, 2021 (16:49:11): 
 Finished loading C:\Users\kenne\Documents\CSC 834\Team Project\From Charles\calendar\calendarrevised.rpy on Sunday, April 18, 2021 (16:49:11).-

04, 18, 2021 (16:49:11): Starting checks of EventsBaseID conflicts
04, 18, 2021 (16:49:11): Finished checks of EventsBaseID conflicts
04, 18, 2021 (16:49:11): End Log
