03, 29, 2021 (18:20:10): Opening rpy file C:\Program Files (x86)\IBM\Rational\Rhapsody Modeler\7.5\Share\Properties\PredefinedTypes.sbs
03, 29, 2021 (18:20:10): 
 Started loading C:\Program Files (x86)\IBM\Rational\Rhapsody Modeler\7.5\Share\Properties\PredefinedTypes.sbs on Monday, March 29, 2021 (18:20:10).-

03, 29, 2021 (18:20:10): 

Starting inUnit resolution phase


03, 29, 2021 (18:20:10): 

Finished inUnit resolution phase


03, 29, 2021 (18:20:10): 
 Finished loading C:\Program Files (x86)\IBM\Rational\Rhapsody Modeler\7.5\Share\Properties\PredefinedTypes.sbs on Monday, March 29, 2021 (18:20:10).-

03, 29, 2021 (18:20:10): Opening rpy file C:\Program Files (x86)\IBM\Rational\Rhapsody Modeler\7.5\Share\Properties\PredefinedTypesC++.sbs
03, 29, 2021 (18:20:10): 
 Started loading C:\Program Files (x86)\IBM\Rational\Rhapsody Modeler\7.5\Share\Properties\PredefinedTypesC++.sbs on Monday, March 29, 2021 (18:20:10).-

03, 29, 2021 (18:20:10): 

Starting inUnit resolution phase


03, 29, 2021 (18:20:10): 

Finished inUnit resolution phase


03, 29, 2021 (18:20:10): 
 Finished loading C:\Program Files (x86)\IBM\Rational\Rhapsody Modeler\7.5\Share\Properties\PredefinedTypesC++.sbs on Monday, March 29, 2021 (18:20:10).-

03, 29, 2021 (18:20:10): Opening rpy file C:\Users\kenne\Documents\CSC 834\Week 2\IndividualProject\IndividualProject.rpy
03, 29, 2021 (18:20:10): 
 Started loading C:\Users\kenne\Documents\CSC 834\Week 2\IndividualProject\IndividualProject.rpy on Monday, March 29, 2021 (18:20:10).-

03, 29, 2021 (18:20:10): Opening rpy file C:\Users\kenne\Documents\CSC 834\Week 2\IndividualProject\IndividualProject_rpy\Default.sbs
03, 29, 2021 (18:20:10): 
 Started loading C:\Users\kenne\Documents\CSC 834\Week 2\IndividualProject\IndividualProject_rpy\Default.sbs on Monday, March 29, 2021 (18:20:10).-

03, 29, 2021 (18:20:10): 

Starting inUnit resolution phase


03, 29, 2021 (18:20:10): 

Finished inUnit resolution phase


03, 29, 2021 (18:20:10): 
 Finished loading C:\Users\kenne\Documents\CSC 834\Week 2\IndividualProject\IndividualProject_rpy\Default.sbs on Monday, March 29, 2021 (18:20:10).-

03, 29, 2021 (18:20:10): Opening rpy file C:\Users\kenne\Documents\CSC 834\Week 2\IndividualProject\IndividualProject_rpy\DefaultComponent.cmp
03, 29, 2021 (18:20:10): 
 Started loading C:\Users\kenne\Documents\CSC 834\Week 2\IndividualProject\IndividualProject_rpy\DefaultComponent.cmp on Monday, March 29, 2021 (18:20:10).-

03, 29, 2021 (18:20:10): 

Starting inUnit resolution phase


03, 29, 2021 (18:20:10): 

Finished inUnit resolution phase


03, 29, 2021 (18:20:10): 
 Finished loading C:\Users\kenne\Documents\CSC 834\Week 2\IndividualProject\IndividualProject_rpy\DefaultComponent.cmp on Monday, March 29, 2021 (18:20:10).-

03, 29, 2021 (18:20:10): 

Starting inUnit resolution phase


03, 29, 2021 (18:20:10): 

Finished inUnit resolution phase


03, 29, 2021 (18:20:10): 

Starting inUnit resolution phase


03, 29, 2021 (18:20:10): 

Finished inUnit resolution phase


03, 29, 2021 (18:20:10): 

Starting inUnit resolution phase


03, 29, 2021 (18:20:10): 

Finished inUnit resolution phase


03, 29, 2021 (18:20:10): 
 Finished loading C:\Users\kenne\Documents\CSC 834\Week 2\IndividualProject\IndividualProject.rpy on Monday, March 29, 2021 (18:20:10).-

03, 29, 2021 (18:20:10): Starting checks of EventsBaseID conflicts
03, 29, 2021 (18:20:10): Finished checks of EventsBaseID conflicts
03, 29, 2021 (18:20:10): End Log
