03, 29, 2021 (19:19:55): Starting Pre-Save actions

03, 29, 2021 (19:19:55): Starting Dialogs Check/Save
03, 29, 2021 (19:19:55): Finished Dialogs Check/Save
03, 29, 2021 (19:19:55): Starting Controlled Files Resolution
03, 29, 2021 (19:19:55): Finished Controlled Files Resolution
03, 29, 2021 (19:19:55): Finished Pre-Save actions

03, 29, 2021 (19:19:55): Creating C:\Users\kenne\Documents\CSC 834\Week 2\IndividualProject\IndividualProject.rpy
03, 29, 2021 (19:19:55): 
Started writing C:\Users\kenne\Documents\CSC 834\Week 2\IndividualProject\IndividualProject.rpy on Monday, March 29, 2021 (19:19:55)

03, 29, 2021 (19:19:55): version 8.5.2
03, 29, 2021 (19:19:55): 
Started writing C:\Users\kenne\Documents\CSC 834\Week 2\IndividualProject\IndividualProject_rpy\filesTable.dat on Monday, March 29, 2021 (19:19:55)

03, 29, 2021 (19:19:55): Finished writing C:\Users\kenne\Documents\CSC 834\Week 2\IndividualProject\IndividualProject_rpy\filesTable.dat on Monday, March 29, 2021 (19:19:55)

03, 29, 2021 (19:19:55): Creating C:\Users\kenne\Documents\CSC 834\Week 2\IndividualProject\IndividualProject_rpy\Default.sbs
03, 29, 2021 (19:19:55): 
Started writing C:\Users\kenne\Documents\CSC 834\Week 2\IndividualProject\IndividualProject_rpy\Default.sbs on Monday, March 29, 2021 (19:19:55)

03, 29, 2021 (19:19:55): version 8.5.2
03, 29, 2021 (19:19:55): Finished writing C:\Users\kenne\Documents\CSC 834\Week 2\IndividualProject\IndividualProject_rpy\Default.sbs on Monday, March 29, 2021 (19:19:55)

03, 29, 2021 (19:19:55): Creating C:\Users\kenne\Documents\CSC 834\Week 2\IndividualProject\IndividualProject_rpy\DefaultComponent.cmp
03, 29, 2021 (19:19:55): 
Started writing C:\Users\kenne\Documents\CSC 834\Week 2\IndividualProject\IndividualProject_rpy\DefaultComponent.cmp on Monday, March 29, 2021 (19:19:55)

03, 29, 2021 (19:19:55): version 8.5.2
03, 29, 2021 (19:19:55): Finished writing C:\Users\kenne\Documents\CSC 834\Week 2\IndividualProject\IndividualProject_rpy\DefaultComponent.cmp on Monday, March 29, 2021 (19:19:55)

03, 29, 2021 (19:19:55): Finished writing C:\Users\kenne\Documents\CSC 834\Week 2\IndividualProject\IndividualProject.rpy on Monday, March 29, 2021 (19:19:55)

03, 29, 2021 (19:19:55): End Log
