01, 16, 2021 (17:16:36): Opening rpy file C:\Program Files (x86)\IBM\Rational\Rhapsody Modeler\7.5\Share\Properties\PredefinedTypes.sbs
01, 16, 2021 (17:16:36): 
 Started loading C:\Program Files (x86)\IBM\Rational\Rhapsody Modeler\7.5\Share\Properties\PredefinedTypes.sbs on Saturday, January 16, 2021 (17:16:36).-

01, 16, 2021 (17:16:36): 

Starting inUnit resolution phase


01, 16, 2021 (17:16:36): 

Finished inUnit resolution phase


01, 16, 2021 (17:16:36): 
 Finished loading C:\Program Files (x86)\IBM\Rational\Rhapsody Modeler\7.5\Share\Properties\PredefinedTypes.sbs on Saturday, January 16, 2021 (17:16:36).-

01, 16, 2021 (17:16:36): Opening rpy file C:\Program Files (x86)\IBM\Rational\Rhapsody Modeler\7.5\Share\Properties\PredefinedTypesC++.sbs
01, 16, 2021 (17:16:36): 
 Started loading C:\Program Files (x86)\IBM\Rational\Rhapsody Modeler\7.5\Share\Properties\PredefinedTypesC++.sbs on Saturday, January 16, 2021 (17:16:36).-

01, 16, 2021 (17:16:36): 

Starting inUnit resolution phase


01, 16, 2021 (17:16:36): 

Finished inUnit resolution phase


01, 16, 2021 (17:16:36): 
 Finished loading C:\Program Files (x86)\IBM\Rational\Rhapsody Modeler\7.5\Share\Properties\PredefinedTypesC++.sbs on Saturday, January 16, 2021 (17:16:36).-

01, 16, 2021 (17:16:36): Opening rpy file C:\Users\changk\Documents\My Courses\CSC 834\Online Course\ATM - Assignment 1\ATM.rpy
01, 16, 2021 (17:16:36): 
 Started loading C:\Users\changk\Documents\My Courses\CSC 834\Online Course\ATM - Assignment 1\ATM.rpy on Saturday, January 16, 2021 (17:16:36).-

01, 16, 2021 (17:16:36): Opening rpy file C:\Users\changk\Documents\My Courses\CSC 834\Online Course\ATM - Assignment 1\ATM_rpy\Default.sbs
01, 16, 2021 (17:16:36): 
 Started loading C:\Users\changk\Documents\My Courses\CSC 834\Online Course\ATM - Assignment 1\ATM_rpy\Default.sbs on Saturday, January 16, 2021 (17:16:36).-

01, 16, 2021 (17:16:36): 

Starting inUnit resolution phase


01, 16, 2021 (17:16:36): 

Finished inUnit resolution phase


01, 16, 2021 (17:16:36): 
 Finished loading C:\Users\changk\Documents\My Courses\CSC 834\Online Course\ATM - Assignment 1\ATM_rpy\Default.sbs on Saturday, January 16, 2021 (17:16:36).-

01, 16, 2021 (17:16:36): Opening rpy file C:\Users\changk\Documents\My Courses\CSC 834\Online Course\ATM - Assignment 1\ATM_rpy\DefaultComponent.cmp
01, 16, 2021 (17:16:36): 
 Started loading C:\Users\changk\Documents\My Courses\CSC 834\Online Course\ATM - Assignment 1\ATM_rpy\DefaultComponent.cmp on Saturday, January 16, 2021 (17:16:36).-

01, 16, 2021 (17:16:36): 

Starting inUnit resolution phase


01, 16, 2021 (17:16:36): 

Finished inUnit resolution phase


01, 16, 2021 (17:16:36): 
 Finished loading C:\Users\changk\Documents\My Courses\CSC 834\Online Course\ATM - Assignment 1\ATM_rpy\DefaultComponent.cmp on Saturday, January 16, 2021 (17:16:36).-

01, 16, 2021 (17:16:36): 

Starting inUnit resolution phase


01, 16, 2021 (17:16:36): 

Finished inUnit resolution phase


01, 16, 2021 (17:16:36): 

Starting inUnit resolution phase


01, 16, 2021 (17:16:36): 

Finished inUnit resolution phase


01, 16, 2021 (17:16:36): 

Starting inUnit resolution phase


01, 16, 2021 (17:16:36): 

Finished inUnit resolution phase


01, 16, 2021 (17:16:36): 
 Finished loading C:\Users\changk\Documents\My Courses\CSC 834\Online Course\ATM - Assignment 1\ATM.rpy on Saturday, January 16, 2021 (17:16:36).-

01, 16, 2021 (17:16:36): Starting checks of EventsBaseID conflicts
01, 16, 2021 (17:16:36): Finished checks of EventsBaseID conflicts
01, 16, 2021 (17:16:36): End Log
