01, 14, 2021 (17:05:28): Starting Pre-Save actions

01, 14, 2021 (17:05:28): Starting Dialogs Check/Save
01, 14, 2021 (17:05:28): Finished Dialogs Check/Save
01, 14, 2021 (17:05:28): Starting Controlled Files Resolution
01, 14, 2021 (17:05:28): Finished Controlled Files Resolution
01, 14, 2021 (17:05:28): Finished Pre-Save actions

01, 14, 2021 (17:05:28): Creating C:\Users\changk\Documents\My Courses\CSC 834\Online Course\ATM\ATM.rpy
01, 14, 2021 (17:05:28): 
Started writing C:\Users\changk\Documents\My Courses\CSC 834\Online Course\ATM\ATM.rpy on Thursday, January 14, 2021 (17:05:28)

01, 14, 2021 (17:05:28): version 8.5.2
01, 14, 2021 (17:05:28): 
Started writing C:\Users\changk\Documents\My Courses\CSC 834\Online Course\ATM\ATM_rpy\filesTable.dat on Thursday, January 14, 2021 (17:05:28)

01, 14, 2021 (17:05:28): Finished writing C:\Users\changk\Documents\My Courses\CSC 834\Online Course\ATM\ATM_rpy\filesTable.dat on Thursday, January 14, 2021 (17:05:28)

01, 14, 2021 (17:05:28): Creating C:\Users\changk\Documents\My Courses\CSC 834\Online Course\ATM\ATM_rpy\Default.sbs
01, 14, 2021 (17:05:28): 
Started writing C:\Users\changk\Documents\My Courses\CSC 834\Online Course\ATM\ATM_rpy\Default.sbs on Thursday, January 14, 2021 (17:05:28)

01, 14, 2021 (17:05:28): version 8.5.2
01, 14, 2021 (17:05:28): Finished writing C:\Users\changk\Documents\My Courses\CSC 834\Online Course\ATM\ATM_rpy\Default.sbs on Thursday, January 14, 2021 (17:05:28)

01, 14, 2021 (17:05:28): Finished writing C:\Users\changk\Documents\My Courses\CSC 834\Online Course\ATM\ATM.rpy on Thursday, January 14, 2021 (17:05:28)

01, 14, 2021 (17:05:28): End Log
